0 info it worked if it ends with ok
1 verbose cli [ '/usr/bin/node', '/usr/bin/npm', 'run', 'lint' ]
2 info using npm@1.4.28
3 info using node@v0.10.37
4 verbose node symlink /usr/bin/node
5 verbose run-script [ 'prelint', 'lint', 'postlint' ]
6 info prelint licode@0.1.0
7 info lint licode@0.1.0
8 verbose unsafe-perm in lifecycle true
9 info licode@0.1.0 Failed to exec lint script
10 error licode@0.1.0 lint: `./node_modules/jshint/bin/jshint erizo_controller/ nuve/ extras/basic_example/ spine/`
10 error Exit status 2
11 error Failed at the licode@0.1.0 lint script.
11 error This is most likely a problem with the licode package,
11 error not with npm itself.
11 error Tell the author that this fails on your system:
11 error     ./node_modules/jshint/bin/jshint erizo_controller/ nuve/ extras/basic_example/ spine/
11 error You can get their info via:
11 error     npm owner ls licode
11 error There is likely additional logging output above.
12 error System Linux 3.13.0-101-generic
13 error command "/usr/bin/node" "/usr/bin/npm" "run" "lint"
14 error cwd /home/alvaro/Documentos/webrtc/git/licode
15 error node -v v0.10.37
16 error npm -v 1.4.28
17 error code ELIFECYCLE
18 verbose exit [ 1, true ]
